<?xml version="1.0" encoding="UTF-8"?>
<testsuite xmlns:xsi="http://www.w3.org/2001/XMLSchema-instance" xsi:noNamespaceSchemaLocation="https://maven.apache.org/surefire/maven-surefire-plugin/xsd/surefire-test-report.xsd" name="ConfigClient.centralizedconfigurationclient.CentralizedConfigurationClientApplicationTests" time="14.621" tests="1" errors="0" skipped="0" failures="0">
  <properties>
    <property name="java.specification.version" value="17"/>
    <property name="sun.cpu.isalist" value="amd64"/>
    <property name="sun.jnu.encoding" value="Cp1252"/>
    <property name="java.class.path" value="C:\Users\elabe\OneDrive\Desktop\ConfigServer\centralized-configuration-client\target\test-classes;C:\Users\elabe\OneDrive\Desktop\ConfigServer\centralized-configuration-client\target\classes;C:\Users\elabe\.m2\repository\org\springframework\boot\spring-boot-starter-actuator\2.5.9\spring-boot-starter-actuator-2.5.9.jar;C:\Users\elabe\.m2\repository\org\springframework\boot\spring-boot-starter\2.5.9\spring-boot-starter-2.5.9.jar;C:\Users\elabe\.m2\repository\org\springframework\boot\spring-boot\2.5.9\spring-boot-2.5.9.jar;C:\Users\elabe\.m2\repository\org\springframework\boot\spring-boot-autoconfigure\2.5.9\spring-boot-autoconfigure-2.5.9.jar;C:\Users\elabe\.m2\repository\org\springframework\boot\spring-boot-starter-logging\2.5.9\spring-boot-starter-logging-2.5.9.jar;C:\Users\elabe\.m2\repository\ch\qos\logback\logback-classic\1.2.10\logback-classic-1.2.10.jar;C:\Users\elabe\.m2\repository\ch\qos\logback\logback-core\1.2.10\logback-core-1.2.10.jar;C:\Users\elabe\.m2\repository\org\apache\logging\log4j\log4j-to-slf4j\2.17.1\log4j-to-slf4j-2.17.1.jar;C:\Users\elabe\.m2\repository\org\apache\logging\log4j\log4j-api\2.17.1\log4j-api-2.17.1.jar;C:\Users\elabe\.m2\repository\org\slf4j\jul-to-slf4j\1.7.33\jul-to-slf4j-1.7.33.jar;C:\Users\elabe\.m2\repository\jakarta\annotation\jakarta.annotation-api\1.3.5\jakarta.annotation-api-1.3.5.jar;C:\Users\elabe\.m2\repository\org\yaml\snakeyaml\1.28\snakeyaml-1.28.jar;C:\Users\elabe\.m2\repository\org\springframework\boot\spring-boot-actuator-autoconfigure\2.5.9\spring-boot-actuator-autoconfigure-2.5.9.jar;C:\Users\elabe\.m2\repository\org\springframework\boot\spring-boot-actuator\2.5.9\spring-boot-actuator-2.5.9.jar;C:\Users\elabe\.m2\repository\com\fasterxml\jackson\datatype\jackson-datatype-jsr310\2.12.6\jackson-datatype-jsr310-2.12.6.jar;C:\Users\elabe\.m2\repository\io\micrometer\micrometer-core\1.7.8\micrometer-core-1.7.8.jar;C:\Users\elabe\.m2\repository\org\hdrhistogram\HdrHistogram\2.1.12\HdrHistogram-2.1.12.jar;C:\Users\elabe\.m2\repository\org\latencyutils\LatencyUtils\2.0.3\LatencyUtils-2.0.3.jar;C:\Users\elabe\.m2\repository\org\springframework\cloud\spring-cloud-starter-netflix-eureka-server\3.0.5\spring-cloud-starter-netflix-eureka-server-3.0.5.jar;C:\Users\elabe\.m2\repository\org\springframework\cloud\spring-cloud-starter\3.0.5\spring-cloud-starter-3.0.5.jar;C:\Users\elabe\.m2\repository\org\springframework\cloud\spring-cloud-context\3.0.5\spring-cloud-context-3.0.5.jar;C:\Users\elabe\.m2\repository\org\springframework\security\spring-security-rsa\1.0.10.RELEASE\spring-security-rsa-1.0.10.RELEASE.jar;C:\Users\elabe\.m2\repository\org\bouncycastle\bcpkix-jdk15on\1.68\bcpkix-jdk15on-1.68.jar;C:\Users\elabe\.m2\repository\org\bouncycastle\bcprov-jdk15on\1.68\bcprov-jdk15on-1.68.jar;C:\Users\elabe\.m2\repository\org\springframework\cloud\spring-cloud-netflix-eureka-server\3.0.5\spring-cloud-netflix-eureka-server-3.0.5.jar;C:\Users\elabe\.m2\repository\org\springframework\boot\spring-boot-starter-freemarker\2.5.9\spring-boot-starter-freemarker-2.5.9.jar;C:\Users\elabe\.m2\repository\org\freemarker\freemarker\2.3.31\freemarker-2.3.31.jar;C:\Users\elabe\.m2\repository\org\springframework\spring-context-support\5.3.15\spring-context-support-5.3.15.jar;C:\Users\elabe\.m2\repository\org\springframework\cloud\spring-cloud-netflix-eureka-client\3.0.5\spring-cloud-netflix-eureka-client-3.0.5.jar;C:\Users\elabe\.m2\repository\com\netflix\eureka\eureka-client\1.10.17\eureka-client-1.10.17.jar;C:\Users\elabe\.m2\repository\com\netflix\netflix-commons\netflix-eventbus\0.3.0\netflix-eventbus-0.3.0.jar;C:\Users\elabe\.m2\repository\com\netflix\netflix-commons\netflix-infix\0.3.0\netflix-infix-0.3.0.jar;C:\Users\elabe\.m2\repository\commons-jxpath\commons-jxpath\1.3\commons-jxpath-1.3.jar;C:\Users\elabe\.m2\repository\joda-time\joda-time\2.3\joda-time-2.3.jar;C:\Users\elabe\.m2\repository\org\antlr\antlr-runtime\3.4\antlr-runtime-3.4.jar;C:\Users\elabe\.m2\repository\org\antlr\stringtemplate\3.2.1\stringtemplate-3.2.1.jar;C:\Users\elabe\.m2\repository\antlr\antlr\2.7.7\antlr-2.7.7.jar;C:\Users\elabe\.m2\repository\com\google\code\gson\gson\2.8.9\gson-2.8.9.jar;C:\Users\elabe\.m2\repository\org\apache\commons\commons-math\2.2\commons-math-2.2.jar;C:\Users\elabe\.m2\repository\com\thoughtworks\xstream\xstream\1.4.18\xstream-1.4.18.jar;C:\Users\elabe\.m2\repository\io\github\x-stream\mxparser\1.2.2\mxparser-1.2.2.jar;C:\Users\elabe\.m2\repository\xmlpull\xmlpull\1.1.3.1\xmlpull-1.1.3.1.jar;C:\Users\elabe\.m2\repository\javax\ws\rs\jsr311-api\1.1.1\jsr311-api-1.1.1.jar;C:\Users\elabe\.m2\repository\com\netflix\servo\servo-core\0.12.21\servo-core-0.12.21.jar;C:\Users\elabe\.m2\repository\com\google\guava\guava\19.0\guava-19.0.jar;C:\Users\elabe\.m2\repository\com\sun\jersey\jersey-core\1.19.1\jersey-core-1.19.1.jar;C:\Users\elabe\.m2\repository\com\sun\jersey\contribs\jersey-apache-client4\1.19.1\jersey-apache-client4-1.19.1.jar;C:\Users\elabe\.m2\repository\commons-configuration\commons-configuration\1.10\commons-configuration-1.10.jar;C:\Users\elabe\.m2\repository\commons-lang\commons-lang\2.6\commons-lang-2.6.jar;C:\Users\elabe\.m2\repository\com\google\inject\guice\4.1.0\guice-4.1.0.jar;C:\Users\elabe\.m2\repository\aopalliance\aopalliance\1.0\aopalliance-1.0.jar;C:\Users\elabe\.m2\repository\org\codehaus\jettison\jettison\1.4.0\jettison-1.4.0.jar;C:\Users\elabe\.m2\repository\com\sun\jersey\jersey-servlet\1.19.4\jersey-servlet-1.19.4.jar;C:\Users\elabe\.m2\repository\com\sun\jersey\jersey-server\1.19.4\jersey-server-1.19.4.jar;C:\Users\elabe\.m2\repository\com\sun\jersey\jersey-client\1.19.4\jersey-client-1.19.4.jar;C:\Users\elabe\.m2\repository\com\netflix\eureka\eureka-core\1.10.17\eureka-core-1.10.17.jar;C:\Users\elabe\.m2\repository\com\fasterxml\woodstox\woodstox-core\6.2.1\woodstox-core-6.2.1.jar;C:\Users\elabe\.m2\repository\javax\inject\javax.inject\1\javax.inject-1.jar;C:\Users\elabe\.m2\repository\com\fasterxml\jackson\dataformat\jackson-dataformat-xml\2.12.6\jackson-dataformat-xml-2.12.6.jar;C:\Users\elabe\.m2\repository\com\fasterxml\jackson\module\jackson-module-jaxb-annotations\2.12.6\jackson-module-jaxb-annotations-2.12.6.jar;C:\Users\elabe\.m2\repository\org\codehaus\woodstox\stax2-api\4.2.1\stax2-api-4.2.1.jar;C:\Users\elabe\.m2\repository\org\springframework\cloud\spring-cloud-starter-loadbalancer\3.0.5\spring-cloud-starter-loadbalancer-3.0.5.jar;C:\Users\elabe\.m2\repository\org\springframework\cloud\spring-cloud-loadbalancer\3.0.5\spring-cloud-loadbalancer-3.0.5.jar;C:\Users\elabe\.m2\repository\io\projectreactor\reactor-core\3.4.14\reactor-core-3.4.14.jar;C:\Users\elabe\.m2\repository\org\reactivestreams\reactive-streams\1.0.3\reactive-streams-1.0.3.jar;C:\Users\elabe\.m2\repository\io\projectreactor\addons\reactor-extra\3.4.6\reactor-extra-3.4.6.jar;C:\Users\elabe\.m2\repository\org\springframework\boot\spring-boot-starter-cache\2.5.9\spring-boot-starter-cache-2.5.9.jar;C:\Users\elabe\.m2\repository\com\stoyanr\evictor\1.0.0\evictor-1.0.0.jar;C:\Users\elabe\.m2\repository\org\glassfish\jaxb\jaxb-runtime\2.3.5\jaxb-runtime-2.3.5.jar;C:\Users\elabe\.m2\repository\org\glassfish\jaxb\txw2\2.3.5\txw2-2.3.5.jar;C:\Users\elabe\.m2\repository\com\sun\istack\istack-commons-runtime\3.0.12\istack-commons-runtime-3.0.12.jar;C:\Users\elabe\.m2\repository\com\sun\activation\jakarta.activation\1.2.2\jakarta.activation-1.2.2.jar;C:\Users\elabe\.m2\repository\org\springframework\cloud\spring-cloud-starter-openfeign\3.0.6\spring-cloud-starter-openfeign-3.0.6.jar;C:\Users\elabe\.m2\repository\org\springframework\cloud\spring-cloud-openfeign-core\3.0.6\spring-cloud-openfeign-core-3.0.6.jar;C:\Users\elabe\.m2\repository\org\springframework\boot\spring-boot-starter-aop\2.5.9\spring-boot-starter-aop-2.5.9.jar;C:\Users\elabe\.m2\repository\org\aspectj\aspectjweaver\1.9.7\aspectjweaver-1.9.7.jar;C:\Users\elabe\.m2\repository\io\github\openfeign\form\feign-form-spring\3.8.0\feign-form-spring-3.8.0.jar;C:\Users\elabe\.m2\repository\io\github\openfeign\form\feign-form\3.8.0\feign-form-3.8.0.jar;C:\Users\elabe\.m2\repository\commons-fileupload\commons-fileupload\1.4\commons-fileupload-1.4.jar;C:\Users\elabe\.m2\repository\commons-io\commons-io\2.2\commons-io-2.2.jar;C:\Users\elabe\.m2\repository\org\springframework\spring-web\5.3.15\spring-web-5.3.15.jar;C:\Users\elabe\.m2\repository\org\springframework\spring-beans\5.3.15\spring-beans-5.3.15.jar;C:\Users\elabe\.m2\repository\org\springframework\cloud\spring-cloud-commons\3.0.5\spring-cloud-commons-3.0.5.jar;C:\Users\elabe\.m2\repository\org\springframework\security\spring-security-crypto\5.5.4\spring-security-crypto-5.5.4.jar;C:\Users\elabe\.m2\repository\io\github\openfeign\feign-core\10.12\feign-core-10.12.jar;C:\Users\elabe\.m2\repository\io\github\openfeign\feign-slf4j\10.12\feign-slf4j-10.12.jar;C:\Users\elabe\.m2\repository\org\slf4j\slf4j-api\1.7.33\slf4j-api-1.7.33.jar;C:\Users\elabe\.m2\repository\org\springframework\boot\spring-boot-starter-web\2.5.9\spring-boot-starter-web-2.5.9.jar;C:\Users\elabe\.m2\repository\org\springframework\boot\spring-boot-starter-json\2.5.9\spring-boot-starter-json-2.5.9.jar;C:\Users\elabe\.m2\repository\com\fasterxml\jackson\datatype\jackson-datatype-jdk8\2.12.6\jackson-datatype-jdk8-2.12.6.jar;C:\Users\elabe\.m2\repository\com\fasterxml\jackson\module\jackson-module-parameter-names\2.12.6\jackson-module-parameter-names-2.12.6.jar;C:\Users\elabe\.m2\repository\org\springframework\boot\spring-boot-starter-tomcat\2.5.9\spring-boot-starter-tomcat-2.5.9.jar;C:\Users\elabe\.m2\repository\org\apache\tomcat\embed\tomcat-embed-core\9.0.56\tomcat-embed-core-9.0.56.jar;C:\Users\elabe\.m2\repository\org\apache\tomcat\embed\tomcat-embed-el\9.0.56\tomcat-embed-el-9.0.56.jar;C:\Users\elabe\.m2\repository\org\apache\tomcat\embed\tomcat-embed-websocket\9.0.56\tomcat-embed-websocket-9.0.56.jar;C:\Users\elabe\.m2\repository\org\springframework\spring-webmvc\5.3.15\spring-webmvc-5.3.15.jar;C:\Users\elabe\.m2\repository\org\springframework\spring-aop\5.3.15\spring-aop-5.3.15.jar;C:\Users\elabe\.m2\repository\org\springframework\spring-context\5.3.15\spring-context-5.3.15.jar;C:\Users\elabe\.m2\repository\org\springframework\spring-expression\5.3.15\spring-expression-5.3.15.jar;C:\Users\elabe\.m2\repository\org\springframework\cloud\spring-cloud-starter-config\3.0.6\spring-cloud-starter-config-3.0.6.jar;C:\Users\elabe\.m2\repository\org\springframework\cloud\spring-cloud-config-client\3.0.6\spring-cloud-config-client-3.0.6.jar;C:\Users\elabe\.m2\repository\com\fasterxml\jackson\core\jackson-annotations\2.12.6\jackson-annotations-2.12.6.jar;C:\Users\elabe\.m2\repository\org\apache\httpcomponents\httpclient\4.5.13\httpclient-4.5.13.jar;C:\Users\elabe\.m2\repository\org\apache\httpcomponents\httpcore\4.4.15\httpcore-4.4.15.jar;C:\Users\elabe\.m2\repository\commons-codec\commons-codec\1.15\commons-codec-1.15.jar;C:\Users\elabe\.m2\repository\com\fasterxml\jackson\core\jackson-databind\2.12.6\jackson-databind-2.12.6.jar;C:\Users\elabe\.m2\repository\com\fasterxml\jackson\core\jackson-core\2.12.6\jackson-core-2.12.6.jar;C:\Users\elabe\.m2\repository\de\codecentric\spring-boot-admin-starter-client\2.4.1\spring-boot-admin-starter-client-2.4.1.jar;C:\Users\elabe\.m2\repository\de\codecentric\spring-boot-admin-client\2.4.1\spring-boot-admin-client-2.4.1.jar;C:\Users\elabe\.m2\repository\org\springframework\boot\spring-boot-starter-test\2.5.9\spring-boot-starter-test-2.5.9.jar;C:\Users\elabe\.m2\repository\org\springframework\boot\spring-boot-test\2.5.9\spring-boot-test-2.5.9.jar;C:\Users\elabe\.m2\repository\org\springframework\boot\spring-boot-test-autoconfigure\2.5.9\spring-boot-test-autoconfigure-2.5.9.jar;C:\Users\elabe\.m2\repository\com\jayway\jsonpath\json-path\2.5.0\json-path-2.5.0.jar;C:\Users\elabe\.m2\repository\net\minidev\json-smart\2.4.7\json-smart-2.4.7.jar;C:\Users\elabe\.m2\repository\net\minidev\accessors-smart\2.4.7\accessors-smart-2.4.7.jar;C:\Users\elabe\.m2\repository\org\ow2\asm\asm\9.1\asm-9.1.jar;C:\Users\elabe\.m2\repository\jakarta\xml\bind\jakarta.xml.bind-api\2.3.3\jakarta.xml.bind-api-2.3.3.jar;C:\Users\elabe\.m2\repository\jakarta\activation\jakarta.activation-api\1.2.2\jakarta.activation-api-1.2.2.jar;C:\Users\elabe\.m2\repository\org\assertj\assertj-core\3.19.0\assertj-core-3.19.0.jar;C:\Users\elabe\.m2\repository\org\hamcrest\hamcrest\2.2\hamcrest-2.2.jar;C:\Users\elabe\.m2\repository\org\junit\jupiter\junit-jupiter\5.7.2\junit-jupiter-5.7.2.jar;C:\Users\elabe\.m2\repository\org\junit\jupiter\junit-jupiter-api\5.7.2\junit-jupiter-api-5.7.2.jar;C:\Users\elabe\.m2\repository\org\apiguardian\apiguardian-api\1.1.0\apiguardian-api-1.1.0.jar;C:\Users\elabe\.m2\repository\org\opentest4j\opentest4j\1.2.0\opentest4j-1.2.0.jar;C:\Users\elabe\.m2\repository\org\junit\platform\junit-platform-commons\1.7.2\junit-platform-commons-1.7.2.jar;C:\Users\elabe\.m2\repository\org\junit\jupiter\junit-jupiter-params\5.7.2\junit-jupiter-params-5.7.2.jar;C:\Users\elabe\.m2\repository\org\junit\jupiter\junit-jupiter-engine\5.7.2\junit-jupiter-engine-5.7.2.jar;C:\Users\elabe\.m2\repository\org\junit\platform\junit-platform-engine\1.7.2\junit-platform-engine-1.7.2.jar;C:\Users\elabe\.m2\repository\org\mockito\mockito-core\3.9.0\mockito-core-3.9.0.jar;C:\Users\elabe\.m2\repository\net\bytebuddy\byte-buddy\1.10.22\byte-buddy-1.10.22.jar;C:\Users\elabe\.m2\repository\net\bytebuddy\byte-buddy-agent\1.10.22\byte-buddy-agent-1.10.22.jar;C:\Users\elabe\.m2\repository\org\objenesis\objenesis\3.2\objenesis-3.2.jar;C:\Users\elabe\.m2\repository\org\mockito\mockito-junit-jupiter\3.9.0\mockito-junit-jupiter-3.9.0.jar;C:\Users\elabe\.m2\repository\org\skyscreamer\jsonassert\1.5.0\jsonassert-1.5.0.jar;C:\Users\elabe\.m2\repository\com\vaadin\external\google\android-json\0.0.20131108.vaadin1\android-json-0.0.20131108.vaadin1.jar;C:\Users\elabe\.m2\repository\org\springframework\spring-core\5.3.15\spring-core-5.3.15.jar;C:\Users\elabe\.m2\repository\org\springframework\spring-jcl\5.3.15\spring-jcl-5.3.15.jar;C:\Users\elabe\.m2\repository\org\springframework\spring-test\5.3.15\spring-test-5.3.15.jar;C:\Users\elabe\.m2\repository\org\xmlunit\xmlunit-core\2.8.4\xmlunit-core-2.8.4.jar;"/>
    <property name="java.vm.vendor" value="Oracle Corporation"/>
    <property name="sun.arch.data.model" value="64"/>
    <property name="user.variant" value=""/>
    <property name="java.vendor.url" value="https://java.oracle.com/"/>
    <property name="user.timezone" value="Africa/Lagos"/>
    <property name="os.name" value="Windows 10"/>
    <property name="java.vm.specification.version" value="17"/>
    <property name="sun.java.launcher" value="SUN_STANDARD"/>
    <property name="user.country" value="FR"/>
    <property name="sun.boot.library.path" value="C:\Program Files\Java\jdk-17.0.2\bin"/>
    <property name="sun.java.command" value="C:\Users\elabe\AppData\Local\Temp\surefire6289413346429822335\surefirebooter14977083748226544112.jar C:\Users\elabe\AppData\Local\Temp\surefire6289413346429822335 2022-04-23T12-39-54_707-jvmRun1 surefire16732972524429108051tmp surefire_017990852336046305162tmp"/>
    <property name="jdk.debug" value="release"/>
    <property name="surefire.test.class.path" value="C:\Users\elabe\OneDrive\Desktop\ConfigServer\centralized-configuration-client\target\test-classes;C:\Users\elabe\OneDrive\Desktop\ConfigServer\centralized-configuration-client\target\classes;C:\Users\elabe\.m2\repository\org\springframework\boot\spring-boot-starter-actuator\2.5.9\spring-boot-starter-actuator-2.5.9.jar;C:\Users\elabe\.m2\repository\org\springframework\boot\spring-boot-starter\2.5.9\spring-boot-starter-2.5.9.jar;C:\Users\elabe\.m2\repository\org\springframework\boot\spring-boot\2.5.9\spring-boot-2.5.9.jar;C:\Users\elabe\.m2\repository\org\springframework\boot\spring-boot-autoconfigure\2.5.9\spring-boot-autoconfigure-2.5.9.jar;C:\Users\elabe\.m2\repository\org\springframework\boot\spring-boot-starter-logging\2.5.9\spring-boot-starter-logging-2.5.9.jar;C:\Users\elabe\.m2\repository\ch\qos\logback\logback-classic\1.2.10\logback-classic-1.2.10.jar;C:\Users\elabe\.m2\repository\ch\qos\logback\logback-core\1.2.10\logback-core-1.2.10.jar;C:\Users\elabe\.m2\repository\org\apache\logging\log4j\log4j-to-slf4j\2.17.1\log4j-to-slf4j-2.17.1.jar;C:\Users\elabe\.m2\repository\org\apache\logging\log4j\log4j-api\2.17.1\log4j-api-2.17.1.jar;C:\Users\elabe\.m2\repository\org\slf4j\jul-to-slf4j\1.7.33\jul-to-slf4j-1.7.33.jar;C:\Users\elabe\.m2\repository\jakarta\annotation\jakarta.annotation-api\1.3.5\jakarta.annotation-api-1.3.5.jar;C:\Users\elabe\.m2\repository\org\yaml\snakeyaml\1.28\snakeyaml-1.28.jar;C:\Users\elabe\.m2\repository\org\springframework\boot\spring-boot-actuator-autoconfigure\2.5.9\spring-boot-actuator-autoconfigure-2.5.9.jar;C:\Users\elabe\.m2\repository\org\springframework\boot\spring-boot-actuator\2.5.9\spring-boot-actuator-2.5.9.jar;C:\Users\elabe\.m2\repository\com\fasterxml\jackson\datatype\jackson-datatype-jsr310\2.12.6\jackson-datatype-jsr310-2.12.6.jar;C:\Users\elabe\.m2\repository\io\micrometer\micrometer-core\1.7.8\micrometer-core-1.7.8.jar;C:\Users\elabe\.m2\repository\org\hdrhistogram\HdrHistogram\2.1.12\HdrHistogram-2.1.12.jar;C:\Users\elabe\.m2\repository\org\latencyutils\LatencyUtils\2.0.3\LatencyUtils-2.0.3.jar;C:\Users\elabe\.m2\repository\org\springframework\cloud\spring-cloud-starter-netflix-eureka-server\3.0.5\spring-cloud-starter-netflix-eureka-server-3.0.5.jar;C:\Users\elabe\.m2\repository\org\springframework\cloud\spring-cloud-starter\3.0.5\spring-cloud-starter-3.0.5.jar;C:\Users\elabe\.m2\repository\org\springframework\cloud\spring-cloud-context\3.0.5\spring-cloud-context-3.0.5.jar;C:\Users\elabe\.m2\repository\org\springframework\security\spring-security-rsa\1.0.10.RELEASE\spring-security-rsa-1.0.10.RELEASE.jar;C:\Users\elabe\.m2\repository\org\bouncycastle\bcpkix-jdk15on\1.68\bcpkix-jdk15on-1.68.jar;C:\Users\elabe\.m2\repository\org\bouncycastle\bcprov-jdk15on\1.68\bcprov-jdk15on-1.68.jar;C:\Users\elabe\.m2\repository\org\springframework\cloud\spring-cloud-netflix-eureka-server\3.0.5\spring-cloud-netflix-eureka-server-3.0.5.jar;C:\Users\elabe\.m2\repository\org\springframework\boot\spring-boot-starter-freemarker\2.5.9\spring-boot-starter-freemarker-2.5.9.jar;C:\Users\elabe\.m2\repository\org\freemarker\freemarker\2.3.31\freemarker-2.3.31.jar;C:\Users\elabe\.m2\repository\org\springframework\spring-context-support\5.3.15\spring-context-support-5.3.15.jar;C:\Users\elabe\.m2\repository\org\springframework\cloud\spring-cloud-netflix-eureka-client\3.0.5\spring-cloud-netflix-eureka-client-3.0.5.jar;C:\Users\elabe\.m2\repository\com\netflix\eureka\eureka-client\1.10.17\eureka-client-1.10.17.jar;C:\Users\elabe\.m2\repository\com\netflix\netflix-commons\netflix-eventbus\0.3.0\netflix-eventbus-0.3.0.jar;C:\Users\elabe\.m2\repository\com\netflix\netflix-commons\netflix-infix\0.3.0\netflix-infix-0.3.0.jar;C:\Users\elabe\.m2\repository\commons-jxpath\commons-jxpath\1.3\commons-jxpath-1.3.jar;C:\Users\elabe\.m2\repository\joda-time\joda-time\2.3\joda-time-2.3.jar;C:\Users\elabe\.m2\repository\org\antlr\antlr-runtime\3.4\antlr-runtime-3.4.jar;C:\Users\elabe\.m2\repository\org\antlr\stringtemplate\3.2.1\stringtemplate-3.2.1.jar;C:\Users\elabe\.m2\repository\antlr\antlr\2.7.7\antlr-2.7.7.jar;C:\Users\elabe\.m2\repository\com\google\code\gson\gson\2.8.9\gson-2.8.9.jar;C:\Users\elabe\.m2\repository\org\apache\commons\commons-math\2.2\commons-math-2.2.jar;C:\Users\elabe\.m2\repository\com\thoughtworks\xstream\xstream\1.4.18\xstream-1.4.18.jar;C:\Users\elabe\.m2\repository\io\github\x-stream\mxparser\1.2.2\mxparser-1.2.2.jar;C:\Users\elabe\.m2\repository\xmlpull\xmlpull\1.1.3.1\xmlpull-1.1.3.1.jar;C:\Users\elabe\.m2\repository\javax\ws\rs\jsr311-api\1.1.1\jsr311-api-1.1.1.jar;C:\Users\elabe\.m2\repository\com\netflix\servo\servo-core\0.12.21\servo-core-0.12.21.jar;C:\Users\elabe\.m2\repository\com\google\guava\guava\19.0\guava-19.0.jar;C:\Users\elabe\.m2\repository\com\sun\jersey\jersey-core\1.19.1\jersey-core-1.19.1.jar;C:\Users\elabe\.m2\repository\com\sun\jersey\contribs\jersey-apache-client4\1.19.1\jersey-apache-client4-1.19.1.jar;C:\Users\elabe\.m2\repository\commons-configuration\commons-configuration\1.10\commons-configuration-1.10.jar;C:\Users\elabe\.m2\repository\commons-lang\commons-lang\2.6\commons-lang-2.6.jar;C:\Users\elabe\.m2\repository\com\google\inject\guice\4.1.0\guice-4.1.0.jar;C:\Users\elabe\.m2\repository\aopalliance\aopalliance\1.0\aopalliance-1.0.jar;C:\Users\elabe\.m2\repository\org\codehaus\jettison\jettison\1.4.0\jettison-1.4.0.jar;C:\Users\elabe\.m2\repository\com\sun\jersey\jersey-servlet\1.19.4\jersey-servlet-1.19.4.jar;C:\Users\elabe\.m2\repository\com\sun\jersey\jersey-server\1.19.4\jersey-server-1.19.4.jar;C:\Users\elabe\.m2\repository\com\sun\jersey\jersey-client\1.19.4\jersey-client-1.19.4.jar;C:\Users\elabe\.m2\repository\com\netflix\eureka\eureka-core\1.10.17\eureka-core-1.10.17.jar;C:\Users\elabe\.m2\repository\com\fasterxml\woodstox\woodstox-core\6.2.1\woodstox-core-6.2.1.jar;C:\Users\elabe\.m2\repository\javax\inject\javax.inject\1\javax.inject-1.jar;C:\Users\elabe\.m2\repository\com\fasterxml\jackson\dataformat\jackson-dataformat-xml\2.12.6\jackson-dataformat-xml-2.12.6.jar;C:\Users\elabe\.m2\repository\com\fasterxml\jackson\module\jackson-module-jaxb-annotations\2.12.6\jackson-module-jaxb-annotations-2.12.6.jar;C:\Users\elabe\.m2\repository\org\codehaus\woodstox\stax2-api\4.2.1\stax2-api-4.2.1.jar;C:\Users\elabe\.m2\repository\org\springframework\cloud\spring-cloud-starter-loadbalancer\3.0.5\spring-cloud-starter-loadbalancer-3.0.5.jar;C:\Users\elabe\.m2\repository\org\springframework\cloud\spring-cloud-loadbalancer\3.0.5\spring-cloud-loadbalancer-3.0.5.jar;C:\Users\elabe\.m2\repository\io\projectreactor\reactor-core\3.4.14\reactor-core-3.4.14.jar;C:\Users\elabe\.m2\repository\org\reactivestreams\reactive-streams\1.0.3\reactive-streams-1.0.3.jar;C:\Users\elabe\.m2\repository\io\projectreactor\addons\reactor-extra\3.4.6\reactor-extra-3.4.6.jar;C:\Users\elabe\.m2\repository\org\springframework\boot\spring-boot-starter-cache\2.5.9\spring-boot-starter-cache-2.5.9.jar;C:\Users\elabe\.m2\repository\com\stoyanr\evictor\1.0.0\evictor-1.0.0.jar;C:\Users\elabe\.m2\repository\org\glassfish\jaxb\jaxb-runtime\2.3.5\jaxb-runtime-2.3.5.jar;C:\Users\elabe\.m2\repository\org\glassfish\jaxb\txw2\2.3.5\txw2-2.3.5.jar;C:\Users\elabe\.m2\repository\com\sun\istack\istack-commons-runtime\3.0.12\istack-commons-runtime-3.0.12.jar;C:\Users\elabe\.m2\repository\com\sun\activation\jakarta.activation\1.2.2\jakarta.activation-1.2.2.jar;C:\Users\elabe\.m2\repository\org\springframework\cloud\spring-cloud-starter-openfeign\3.0.6\spring-cloud-starter-openfeign-3.0.6.jar;C:\Users\elabe\.m2\repository\org\springframework\cloud\spring-cloud-openfeign-core\3.0.6\spring-cloud-openfeign-core-3.0.6.jar;C:\Users\elabe\.m2\repository\org\springframework\boot\spring-boot-starter-aop\2.5.9\spring-boot-starter-aop-2.5.9.jar;C:\Users\elabe\.m2\repository\org\aspectj\aspectjweaver\1.9.7\aspectjweaver-1.9.7.jar;C:\Users\elabe\.m2\repository\io\github\openfeign\form\feign-form-spring\3.8.0\feign-form-spring-3.8.0.jar;C:\Users\elabe\.m2\repository\io\github\openfeign\form\feign-form\3.8.0\feign-form-3.8.0.jar;C:\Users\elabe\.m2\repository\commons-fileupload\commons-fileupload\1.4\commons-fileupload-1.4.jar;C:\Users\elabe\.m2\repository\commons-io\commons-io\2.2\commons-io-2.2.jar;C:\Users\elabe\.m2\repository\org\springframework\spring-web\5.3.15\spring-web-5.3.15.jar;C:\Users\elabe\.m2\repository\org\springframework\spring-beans\5.3.15\spring-beans-5.3.15.jar;C:\Users\elabe\.m2\repository\org\springframework\cloud\spring-cloud-commons\3.0.5\spring-cloud-commons-3.0.5.jar;C:\Users\elabe\.m2\repository\org\springframework\security\spring-security-crypto\5.5.4\spring-security-crypto-5.5.4.jar;C:\Users\elabe\.m2\repository\io\github\openfeign\feign-core\10.12\feign-core-10.12.jar;C:\Users\elabe\.m2\repository\io\github\openfeign\feign-slf4j\10.12\feign-slf4j-10.12.jar;C:\Users\elabe\.m2\repository\org\slf4j\slf4j-api\1.7.33\slf4j-api-1.7.33.jar;C:\Users\elabe\.m2\repository\org\springframework\boot\spring-boot-starter-web\2.5.9\spring-boot-starter-web-2.5.9.jar;C:\Users\elabe\.m2\repository\org\springframework\boot\spring-boot-starter-json\2.5.9\spring-boot-starter-json-2.5.9.jar;C:\Users\elabe\.m2\repository\com\fasterxml\jackson\datatype\jackson-datatype-jdk8\2.12.6\jackson-datatype-jdk8-2.12.6.jar;C:\Users\elabe\.m2\repository\com\fasterxml\jackson\module\jackson-module-parameter-names\2.12.6\jackson-module-parameter-names-2.12.6.jar;C:\Users\elabe\.m2\repository\org\springframework\boot\spring-boot-starter-tomcat\2.5.9\spring-boot-starter-tomcat-2.5.9.jar;C:\Users\elabe\.m2\repository\org\apache\tomcat\embed\tomcat-embed-core\9.0.56\tomcat-embed-core-9.0.56.jar;C:\Users\elabe\.m2\repository\org\apache\tomcat\embed\tomcat-embed-el\9.0.56\tomcat-embed-el-9.0.56.jar;C:\Users\elabe\.m2\repository\org\apache\tomcat\embed\tomcat-embed-websocket\9.0.56\tomcat-embed-websocket-9.0.56.jar;C:\Users\elabe\.m2\repository\org\springframework\spring-webmvc\5.3.15\spring-webmvc-5.3.15.jar;C:\Users\elabe\.m2\repository\org\springframework\spring-aop\5.3.15\spring-aop-5.3.15.jar;C:\Users\elabe\.m2\repository\org\springframework\spring-context\5.3.15\spring-context-5.3.15.jar;C:\Users\elabe\.m2\repository\org\springframework\spring-expression\5.3.15\spring-expression-5.3.15.jar;C:\Users\elabe\.m2\repository\org\springframework\cloud\spring-cloud-starter-config\3.0.6\spring-cloud-starter-config-3.0.6.jar;C:\Users\elabe\.m2\repository\org\springframework\cloud\spring-cloud-config-client\3.0.6\spring-cloud-config-client-3.0.6.jar;C:\Users\elabe\.m2\repository\com\fasterxml\jackson\core\jackson-annotations\2.12.6\jackson-annotations-2.12.6.jar;C:\Users\elabe\.m2\repository\org\apache\httpcomponents\httpclient\4.5.13\httpclient-4.5.13.jar;C:\Users\elabe\.m2\repository\org\apache\httpcomponents\httpcore\4.4.15\httpcore-4.4.15.jar;C:\Users\elabe\.m2\repository\commons-codec\commons-codec\1.15\commons-codec-1.15.jar;C:\Users\elabe\.m2\repository\com\fasterxml\jackson\core\jackson-databind\2.12.6\jackson-databind-2.12.6.jar;C:\Users\elabe\.m2\repository\com\fasterxml\jackson\core\jackson-core\2.12.6\jackson-core-2.12.6.jar;C:\Users\elabe\.m2\repository\de\codecentric\spring-boot-admin-starter-client\2.4.1\spring-boot-admin-starter-client-2.4.1.jar;C:\Users\elabe\.m2\repository\de\codecentric\spring-boot-admin-client\2.4.1\spring-boot-admin-client-2.4.1.jar;C:\Users\elabe\.m2\repository\org\springframework\boot\spring-boot-starter-test\2.5.9\spring-boot-starter-test-2.5.9.jar;C:\Users\elabe\.m2\repository\org\springframework\boot\spring-boot-test\2.5.9\spring-boot-test-2.5.9.jar;C:\Users\elabe\.m2\repository\org\springframework\boot\spring-boot-test-autoconfigure\2.5.9\spring-boot-test-autoconfigure-2.5.9.jar;C:\Users\elabe\.m2\repository\com\jayway\jsonpath\json-path\2.5.0\json-path-2.5.0.jar;C:\Users\elabe\.m2\repository\net\minidev\json-smart\2.4.7\json-smart-2.4.7.jar;C:\Users\elabe\.m2\repository\net\minidev\accessors-smart\2.4.7\accessors-smart-2.4.7.jar;C:\Users\elabe\.m2\repository\org\ow2\asm\asm\9.1\asm-9.1.jar;C:\Users\elabe\.m2\repository\jakarta\xml\bind\jakarta.xml.bind-api\2.3.3\jakarta.xml.bind-api-2.3.3.jar;C:\Users\elabe\.m2\repository\jakarta\activation\jakarta.activation-api\1.2.2\jakarta.activation-api-1.2.2.jar;C:\Users\elabe\.m2\repository\org\assertj\assertj-core\3.19.0\assertj-core-3.19.0.jar;C:\Users\elabe\.m2\repository\org\hamcrest\hamcrest\2.2\hamcrest-2.2.jar;C:\Users\elabe\.m2\repository\org\junit\jupiter\junit-jupiter\5.7.2\junit-jupiter-5.7.2.jar;C:\Users\elabe\.m2\repository\org\junit\jupiter\junit-jupiter-api\5.7.2\junit-jupiter-api-5.7.2.jar;C:\Users\elabe\.m2\repository\org\apiguardian\apiguardian-api\1.1.0\apiguardian-api-1.1.0.jar;C:\Users\elabe\.m2\repository\org\opentest4j\opentest4j\1.2.0\opentest4j-1.2.0.jar;C:\Users\elabe\.m2\repository\org\junit\platform\junit-platform-commons\1.7.2\junit-platform-commons-1.7.2.jar;C:\Users\elabe\.m2\repository\org\junit\jupiter\junit-jupiter-params\5.7.2\junit-jupiter-params-5.7.2.jar;C:\Users\elabe\.m2\repository\org\junit\jupiter\junit-jupiter-engine\5.7.2\junit-jupiter-engine-5.7.2.jar;C:\Users\elabe\.m2\repository\org\junit\platform\junit-platform-engine\1.7.2\junit-platform-engine-1.7.2.jar;C:\Users\elabe\.m2\repository\org\mockito\mockito-core\3.9.0\mockito-core-3.9.0.jar;C:\Users\elabe\.m2\repository\net\bytebuddy\byte-buddy\1.10.22\byte-buddy-1.10.22.jar;C:\Users\elabe\.m2\repository\net\bytebuddy\byte-buddy-agent\1.10.22\byte-buddy-agent-1.10.22.jar;C:\Users\elabe\.m2\repository\org\objenesis\objenesis\3.2\objenesis-3.2.jar;C:\Users\elabe\.m2\repository\org\mockito\mockito-junit-jupiter\3.9.0\mockito-junit-jupiter-3.9.0.jar;C:\Users\elabe\.m2\repository\org\skyscreamer\jsonassert\1.5.0\jsonassert-1.5.0.jar;C:\Users\elabe\.m2\repository\com\vaadin\external\google\android-json\0.0.20131108.vaadin1\android-json-0.0.20131108.vaadin1.jar;C:\Users\elabe\.m2\repository\org\springframework\spring-core\5.3.15\spring-core-5.3.15.jar;C:\Users\elabe\.m2\repository\org\springframework\spring-jcl\5.3.15\spring-jcl-5.3.15.jar;C:\Users\elabe\.m2\repository\org\springframework\spring-test\5.3.15\spring-test-5.3.15.jar;C:\Users\elabe\.m2\repository\org\xmlunit\xmlunit-core\2.8.4\xmlunit-core-2.8.4.jar;"/>
    <property name="sun.cpu.endian" value="little"/>
    <property name="user.home" value="C:\Users\elabe"/>
    <property name="user.language" value="fr"/>
    <property name="java.specification.vendor" value="Oracle Corporation"/>
    <property name="java.version.date" value="2022-01-18"/>
    <property name="java.home" value="C:\Program Files\Java\jdk-17.0.2"/>
    <property name="file.separator" value="\"/>
    <property name="basedir" value="C:\Users\elabe\OneDrive\Desktop\ConfigServer\centralized-configuration-client"/>
    <property name="java.vm.compressedOopsMode" value="Zero based"/>
    <property name="line.separator" value="&#10;"/>
    <property name="java.vm.specification.vendor" value="Oracle Corporation"/>
    <property name="java.specification.name" value="Java Platform API Specification"/>
    <property name="surefire.real.class.path" value="C:\Users\elabe\AppData\Local\Temp\surefire6289413346429822335\surefirebooter14977083748226544112.jar"/>
    <property name="user.script" value=""/>
    <property name="sun.management.compiler" value="HotSpot 64-Bit Tiered Compilers"/>
    <property name="java.runtime.version" value="17.0.2+8-LTS-86"/>
    <property name="user.name" value="elabe"/>
    <property name="path.separator" value=";"/>
    <property name="os.version" value="10.0"/>
    <property name="java.runtime.name" value="Java(TM) SE Runtime Environment"/>
    <property name="file.encoding" value="Cp1252"/>
    <property name="java.vm.name" value="Java HotSpot(TM) 64-Bit Server VM"/>
    <property name="localRepository" value="C:\Users\elabe\.m2\repository"/>
    <property name="java.vendor.url.bug" value="https://bugreport.java.com/bugreport/"/>
    <property name="java.io.tmpdir" value="C:\Users\elabe\AppData\Local\Temp\"/>
    <property name="java.version" value="17.0.2"/>
    <property name="user.dir" value="C:\Users\elabe\OneDrive\Desktop\ConfigServer\centralized-configuration-client"/>
    <property name="os.arch" value="amd64"/>
    <property name="java.vm.specification.name" value="Java Virtual Machine Specification"/>
    <property name="sun.os.patch.level" value=""/>
    <property name="native.encoding" value="Cp1252"/>
    <property name="java.library.path" value="C:\Program Files\Java\jdk-17.0.2\bin;C:\WINDOWS\Sun\Java\bin;C:\WINDOWS\system32;C:\WINDOWS;C:\Program Files\Common Files\Oracle\Java\javapath;C:\Program Files (x86)\Common Files\Intel\Shared Libraries\redist\intel64\compiler;C:\Program Files (x86)\Common Files\Oracle\Java\javapath;C:\oraclexe\app\oracle\product\10.2.0\server\bin;C:\WINDOWS\system32;C:\WINDOWS;C:\WINDOWS\System32\Wbem;C:\WINDOWS\System32\WindowsPowerShell\v1.0\;C:\WINDOWS\System32\OpenSSH\;C:\Program Files\dotnet\;C:\Program Files\Git\cmd;C:\Program Files\CMake\bin;C:\Program Files (x86)\NVIDIA Corporation\PhysX\Common;C:\Program Files\NVIDIA Corporation\NVIDIA NvDLISR;C:\Program Files\Docker\Docker\resources\bin;C:\ProgramData\DockerDesktop\version-bin;C:\Users\elabe\AppData\Local\Programs\Python\Python310\Scripts\;C:\Users\elabe\AppData\Local\Programs\Python\Python310\;C:\Users\elabe\AppData\Local\Microsoft\WindowsApps;C:\Users\elabe\AppData\Local\Programs\Microsoft VS Code\bin;C:\Program Files\heroku\bin;C:\Program Files\heroku\bin;C:\Users\elabe\.dotnet\tools;C:\Program Files\Java\jre1.8.0_191\bin;C:\Program Files\JetBrains\IntelliJ IDEA Community Edition 2021.3.1\bin;;C:\spring-boot-main;C:\apache-maven-3.8.4\bin;C:\msys64\mingw64\bin;C:\Program Files\Java\jdk-17.0.2\bin;E:\work\Inscription App\gitlab-runner.exe;;."/>
    <property name="java.vm.info" value="mixed mode, sharing"/>
    <property name="java.vendor" value="Oracle Corporation"/>
    <property name="java.vm.version" value="17.0.2+8-LTS-86"/>
    <property name="sun.io.unicode.encoding" value="UnicodeLittle"/>
    <property name="java.class.version" value="61.0"/>
  </properties>
  <testcase name="contextLoads" classname="ConfigClient.centralizedconfigurationclient.CentralizedConfigurationClientApplicationTests" time="1.093"/>
</testsuite>